display name: Desktop
edit name: Desktop
name: Desktop
type: directory
size:  512
uri: file:///home/delta/Desktop
attributes:
  standard::type: 2
  standard::name: Desktop
  standard::display-name: Desktop
  standard::edit-name: Desktop
  standard::copy-name: Desktop
  standard::icon: user-desktop
  standard::content-type: inode/directory
  standard::fast-content-type: inode/directory
  standard::size: 512
  standard::allocated-size: 4096
  standard::symbolic-icon: user-desktop-symbolic
  etag::value: 1479573715:111556
  id::file: l112:2006444
  id::filesystem: l112
  access::can-read: TRUE
  access::can-write: TRUE
  access::can-execute: TRUE
  access::can-delete: TRUE
  access::can-trash: TRUE
  access::can-rename: TRUE
  time::modified: 1479573715
  time::modified-usec: 111556
  time::access: 1479573715
  time::access-usec: 111556
  time::changed: 1479573715
  time::changed-usec: 111556
  time::created: 1479573715
  time::created-usec: 111551
  unix::device: 112
  unix::inode: 2006444
  unix::mode: 16877
  unix::nlink: 2
  unix::uid: 1001
  unix::gid: 1001
  unix::rdev: 4012695
  unix::block-size: 32768
  unix::blocks: 8
  owner::user: delta
  owner::user-real: User &
  owner::group: delta
display name: Documents
edit name: Documents
name: Documents
type: directory
size:  512
uri: file:///home/delta/Documents
attributes:
  standard::type: 2
  standard::name: Documents
  standard::display-name: Documents
  standard::edit-name: Documents
  standard::copy-name: Documents
  standard::icon: folder-documents, folder
  standard::content-type: inode/directory
  standard::fast-content-type: inode/directory
  standard::size: 512
  standard::allocated-size: 4096
  standard::symbolic-icon: folder-documents-symbolic, folder-symbolic, folder-documents, folder
  etag::value: 1479574517:124083
  id::file: l112:2025694
  id::filesystem: l112
  access::can-read: TRUE
  access::can-write: TRUE
  access::can-execute: TRUE
  access::can-delete: TRUE
  access::can-trash: TRUE
  access::can-rename: TRUE
  time::modified: 1479574517
  time::modified-usec: 124083
  time::access: 1479574517
  time::access-usec: 124083
  time::changed: 1479574517
  time::changed-usec: 124083
  time::created: 1479574517
  time::created-usec: 124077
  unix::device: 112
  unix::inode: 2025694
  unix::mode: 16877
  unix::nlink: 2
  unix::uid: 1001
  unix::gid: 1001
  unix::rdev: 4043287
  unix::block-size: 32768
  unix::blocks: 8
  owner::user: delta
  owner::user-real: User &
  owner::group: delta
display name: Downloads
edit name: Downloads
name: Downloads
type: directory
size:  1024
uri: file:///home/delta/Downloads
attributes:
  standard::type: 2
  standard::name: Downloads
  standard::display-name: Downloads
  standard::edit-name: Downloads
  standard::copy-name: Downloads
  standard::icon: folder-download, folder
  standard::content-type: inode/directory
  standard::fast-content-type: inode/directory
  standard::size: 1024
  standard::allocated-size: 4096
  standard::symbolic-icon: folder-download-symbolic, folder-symbolic, folder-download, folder
  etag::value: 1479574956:915264
  id::file: l112:2006626
  id::filesystem: l112
  access::can-read: TRUE
  access::can-write: TRUE
  access::can-execute: TRUE
  access::can-delete: TRUE
  access::can-trash: TRUE
  access::can-rename: TRUE
  time::modified: 1479574956
  time::modified-usec: 915264
  time::access: 1479573858
  time::access-usec: 98665
  time::changed: 1479574956
  time::changed-usec: 915264
  time::created: 1479573858
  time::created-usec: 98652
  unix::device: 112
  unix::inode: 2006626
  unix::mode: 16832
  unix::nlink: 3
  unix::uid: 1001
  unix::gid: 1001
  unix::rdev: 4018643
  unix::block-size: 32768
  unix::blocks: 8
  owner::user: delta
  owner::user-real: User &
  owner::group: delta
display name: Music
edit name: Music
name: Music
type: directory
size:  512
uri: file:///home/delta/Music
attributes:
  standard::type: 2
  standard::name: Music
  standard::display-name: Music
  standard::edit-name: Music
  standard::copy-name: Music
  standard::icon: folder-music, folder
  standard::content-type: inode/directory
  standard::fast-content-type: inode/directory
  standard::size: 512
  standard::allocated-size: 4096
  standard::symbolic-icon: folder-music-symbolic, folder-symbolic, folder-music, folder
  etag::value: 1479574517:124103
  id::file: l112:2025695
  id::filesystem: l112
  access::can-read: TRUE
  access::can-write: TRUE
  access::can-execute: TRUE
  access::can-delete: TRUE
  access::can-trash: TRUE
  access::can-rename: TRUE
  time::modified: 1479574517
  time::modified-usec: 124103
  time::access: 1479574517
  time::access-usec: 124103
  time::changed: 1479574517
  time::changed-usec: 124103
  time::created: 1479574517
  time::created-usec: 124099
  unix::device: 112
  unix::inode: 2025695
  unix::mode: 16877
  unix::nlink: 2
  unix::uid: 1001
  unix::gid: 1001
  unix::rdev: 4012840
  unix::block-size: 32768
  unix::blocks: 8
  owner::user: delta
  owner::user-real: User &
  owner::group: delta
display name: Pictures
edit name: Pictures
name: Pictures
type: directory
size:  512
uri: file:///home/delta/Pictures
attributes:
  standard::type: 2
  standard::name: Pictures
  standard::display-name: Pictures
  standard::edit-name: Pictures
  standard::copy-name: Pictures
  standard::icon: folder-pictures, folder
  standard::content-type: inode/directory
  standard::fast-content-type: inode/directory
  standard::size: 512
  standard::allocated-size: 4096
  standard::symbolic-icon: folder-pictures-symbolic, folder-symbolic, folder-pictures, folder
  etag::value: 1479574969:997643
  id::file: l112:2025696
  id::filesystem: l112
  access::can-read: TRUE
  access::can-write: TRUE
  access::can-execute: TRUE
  access::can-delete: TRUE
  access::can-trash: TRUE
  access::can-rename: TRUE
  time::modified: 1479574969
  time::modified-usec: 997643
  time::access: 1479574517
  time::access-usec: 124127
  time::changed: 1479574969
  time::changed-usec: 997643
  time::created: 1479574517
  time::created-usec: 124122
  unix::device: 112
  unix::inode: 2025696
  unix::mode: 16877
  unix::nlink: 2
  unix::uid: 1001
  unix::gid: 1001
  unix::rdev: 4012841
  unix::block-size: 32768
  unix::blocks: 8
  owner::user: delta
  owner::user-real: User &
  owner::group: delta
display name: Public
edit name: Public
name: Public
type: directory
size:  512
uri: file:///home/delta/Public
attributes:
  standard::type: 2
  standard::name: Public
  standard::display-name: Public
  standard::edit-name: Public
  standard::copy-name: Public
  standard::icon: folder-publicshare, folder
  standard::content-type: inode/directory
  standard::fast-content-type: inode/directory
  standard::size: 512
  standard::allocated-size: 4096
  standard::symbolic-icon: folder-publicshare-symbolic, folder-symbolic, folder-publicshare, folder
  etag::value: 1479574517:124059
  id::file: l112:2025693
  id::filesystem: l112
  access::can-read: TRUE
  access::can-write: TRUE
  access::can-execute: TRUE
  access::can-delete: TRUE
  access::can-trash: TRUE
  access::can-rename: TRUE
  time::modified: 1479574517
  time::modified-usec: 124059
  time::access: 1479574517
  time::access-usec: 124059
  time::changed: 1479574517
  time::changed-usec: 124059
  time::created: 1479574517
  time::created-usec: 124051
  unix::device: 112
  unix::inode: 2025693
  unix::mode: 16877
  unix::nlink: 2
  unix::uid: 1001
  unix::gid: 1001
  unix::rdev: 4042299
  unix::block-size: 32768
  unix::blocks: 8
  owner::user: delta
  owner::user-real: User &
  owner::group: delta
display name: Templates
edit name: Templates
name: Templates
type: directory
size:  512
uri: file:///home/delta/Templates
attributes:
  standard::type: 2
  standard::name: Templates
  standard::display-name: Templates
  standard::edit-name: Templates
  standard::copy-name: Templates
  standard::icon: folder-templates, folder
  standard::content-type: inode/directory
  standard::fast-content-type: inode/directory
  standard::size: 512
  standard::allocated-size: 4096
  standard::symbolic-icon: folder-templates-symbolic, folder-symbolic, folder-templates, folder
  etag::value: 1479574517:124020
  id::file: l112:2025692
  id::filesystem: l112
  access::can-read: TRUE
  access::can-write: TRUE
  access::can-execute: TRUE
  access::can-delete: TRUE
  access::can-trash: TRUE
  access::can-rename: TRUE
  time::modified: 1479574517
  time::modified-usec: 124020
  time::access: 1479574517
  time::access-usec: 124020
  time::changed: 1479574517
  time::changed-usec: 124020
  time::created: 1479574517
  time::created-usec: 124008
  unix::device: 112
  unix::inode: 2025692
  unix::mode: 16877
  unix::nlink: 2
  unix::uid: 1001
  unix::gid: 1001
  unix::rdev: 4040934
  unix::block-size: 32768
  unix::blocks: 8
  owner::user: delta
  owner::user-real: User &
  owner::group: delta
display name: Videos
edit name: Videos
name: Videos
type: directory
size:  512
uri: file:///home/delta/Videos
attributes:
  standard::type: 2
  standard::name: Videos
  standard::display-name: Videos
  standard::edit-name: Videos
  standard::copy-name: Videos
  standard::icon: folder-videos, folder
  standard::content-type: inode/directory
  standard::fast-content-type: inode/directory
  standard::size: 512
  standard::allocated-size: 4096
  standard::symbolic-icon: folder-videos-symbolic, folder-symbolic, folder-videos, folder
  etag::value: 1479574517:124155
  id::file: l112:2025697
  id::filesystem: l112
  access::can-read: TRUE
  access::can-write: TRUE
  access::can-execute: TRUE
  access::can-delete: TRUE
  access::can-trash: TRUE
  access::can-rename: TRUE
  time::modified: 1479574517
  time::modified-usec: 124155
  time::access: 1479574517
  time::access-usec: 124155
  time::changed: 1479574517
  time::changed-usec: 124155
  time::created: 1479574517
  time::created-usec: 124152
  unix::device: 112
  unix::inode: 2025697
  unix::mode: 16877
  unix::nlink: 2
  unix::uid: 1001
  unix::gid: 1001
  unix::rdev: 4012856
  unix::block-size: 32768
  unix::blocks: 8
  owner::user: delta
  owner::user-real: User &
  owner::group: delta
display name: apps
edit name: apps
name: apps
type: directory
size:  512
uri: file:///home/delta/apps
attributes:
  standard::type: 2
  standard::name: apps
  standard::display-name: apps
  standard::edit-name: apps
  standard::copy-name: apps
  standard::icon: folder
  standard::content-type: inode/directory
  standard::fast-content-type: inode/directory
  standard::size: 512
  standard::allocated-size: 4096
  standard::symbolic-icon: folder-symbolic, folder
  etag::value: 1479570157:78047
  id::file: l112:2409065
  id::filesystem: l112
  access::can-read: TRUE
  access::can-write: TRUE
  access::can-execute: TRUE
  access::can-delete: TRUE
  access::can-trash: TRUE
  access::can-rename: TRUE
  time::modified: 1479570157
  time::modified-usec: 78047
  time::access: 1479082744
  time::access-usec: 807821
  time::changed: 1479570157
  time::changed-usec: 78047
  time::created: 1479082744
  time::created-usec: 807806
  unix::device: 112
  unix::inode: 2409065
  unix::mode: 16877
  unix::nlink: 3
  unix::uid: 1001
  unix::gid: 1001
  unix::rdev: 4841505
  unix::block-size: 32768
  unix::blocks: 8
  owner::user: delta
  owner::user-real: User &
  owner::group: delta
display name: git
edit name: git
name: git
type: directory
size:  512
uri: file:///home/delta/git
attributes:
  standard::type: 2
  standard::name: git
  standard::display-name: git
  standard::edit-name: git
  standard::copy-name: git
  standard::icon: folder
  standard::content-type: inode/directory
  standard::fast-content-type: inode/directory
  standard::size: 512
  standard::allocated-size: 4096
  standard::symbolic-icon: folder-symbolic, folder
  etag::value: 1478627008:387050
  id::file: l112:1539411
  id::filesystem: l112
  access::can-read: TRUE
  access::can-write: TRUE
  access::can-execute: TRUE
  access::can-delete: TRUE
  access::can-trash: TRUE
  access::can-rename: TRUE
  time::modified: 1478627008
  time::modified-usec: 387050
  time::access: 1478597366
  time::access-usec: 801112
  time::changed: 1478627079
  time::changed-usec: 305325
  time::created: 1478545952
  time::created-usec: 583756
  unix::device: 112
  unix::inode: 1539411
  unix::mode: 16877
  unix::nlink: 5
  unix::uid: 1001
  unix::gid: 1001
  unix::rdev: 3071287
  unix::block-size: 32768
  unix::blocks: 8
  owner::user: delta
  owner::user-real: User &
  owner::group: delta
display name: logs
edit name: logs
name: logs
type: directory
size:  512
uri: file:///home/delta/logs
attributes:
  standard::type: 2
  standard::is-symlink: TRUE
  standard::name: logs
  standard::display-name: logs
  standard::edit-name: logs
  standard::copy-name: logs
  standard::icon: folder
  standard::content-type: inode/directory
  standard::fast-content-type: inode/directory
  standard::size: 512
  standard::allocated-size: 4096
  standard::symlink-target: git/freebsd-conf/beastie/logs/
  standard::symbolic-icon: folder-symbolic, folder
  etag::value: 1479593581:686122
  id::file: l112:1768857
  id::filesystem: l112
  access::can-read: TRUE
  access::can-write: TRUE
  access::can-execute: TRUE
  access::can-delete: TRUE
  access::can-trash: TRUE
  access::can-rename: TRUE
  time::modified: 1479593581
  time::modified-usec: 686122
  time::access: 1478546875
  time::access-usec: 253243
  time::changed: 1479593581
  time::changed-usec: 686122
  time::created: 1478546875
  time::created-usec: 253213
  unix::device: 112
  unix::inode: 1768857
  unix::mode: 16877
  unix::nlink: 2
  unix::uid: 1001
  unix::gid: 1001
  unix::rdev: 3542239
  unix::block-size: 32768
  unix::blocks: 8
  owner::user: delta
  owner::user-real: User &
  owner::group: delta
