Updating FreeBSD repository catalogue...
FreeBSD repository is up-to-date.
All repositories are up-to-date.
The following 40 package(s) will be affected (of 0 checked):

New packages to be INSTALLED:
	libreoffice: 5.0.6_3
	crosextrafonts-carlito: 20130920_2
	serf: 1.3.9_1
	apr: 1.5.2.1.5.4_1
	db5: 5.3.28_4
	libwpd010: 0.10.1
	librevenge: 0.0.4
	firebird25-client: 2.5.6_1
	libexttextcat: 3.4.4
	libcdr01: 0.1.3_1
	liberation-fonts-ttf: 2.00.1,2
	CoinMP: 1.8.3
	libwps: 0.4.3
	libe-book: 0.1.2_5
	libcmis: 0.5.1
	liborcus: 0.9.2
	libgltf: 0.0.2_1
	glew: 1.13.0
	libvisio01: 0.1.5_3
	openldap-client: 2.4.44
	libmwaw03: 0.3.8
	opencollada: 1.6.25
	libetonyek01: 0.1.3_1,1
	libpagemaker: 0.0.3
	GentiumBasic: 1102
	hyphen: 2.8.8
	libmspub01: 0.1.2_4
	linuxlibertine-g: 20120116_1
	libodfgen01: 0.1.6
	crosextrafonts-caladea: 20130214_1
	libwpg03: 0.3.1
	liblangtag: 0.5.8
	mythes: 1.2.4
	libabw: 0.1.1_1
	lp_solve: 5.5.2.0
	libfreehand: 0.1.1_3
	clucene: 2.3.3.4_7
	redland: 1.0.17_4
	rasqal: 0.9.33
	raptor2: 2.0.15_4

Number of packages to be installed: 40

The process will require 473 MiB more space.
107 MiB to be downloaded.
Fetching libreoffice-5.0.6_3.txz: ....... done
Fetching crosextrafonts-carlito-20130920_2.txz: .......... done
Fetching serf-1.3.9_1.txz: ........ done
Fetching apr-1.5.2.1.5.4_1.txz: .......... done
Fetching db5-5.3.28_4.txz: .......... done
Fetching libwpd010-0.10.1.txz: .......... done
Fetching librevenge-0.0.4.txz: .......... done
Fetching firebird25-client-2.5.6_1.txz: .......... done
Fetching libexttextcat-3.4.4.txz: .......... done
Fetching libcdr01-0.1.3_1.txz: .......... done
Fetching liberation-fonts-ttf-2.00.1,2.txz: .......... done
Fetching CoinMP-1.8.3.txz: .......... done
Fetching libwps-0.4.3.txz: .......... done
Fetching libe-book-0.1.2_5.txz: .......... done
Fetching libcmis-0.5.1.txz: .......... done
Fetching liborcus-0.9.2.txz: .......... done
Fetching libgltf-0.0.2_1.txz: .......... done
Fetching glew-1.13.0.txz: .......... done
Fetching libvisio01-0.1.5_3.txz: .......... done
Fetching openldap-client-2.4.44.txz: .......... done
Fetching libmwaw03-0.3.8.txz: .......... done
Fetching opencollada-1.6.25.txz: .......... done
Fetching libetonyek01-0.1.3_1,1.txz: .......... done
Fetching libpagemaker-0.0.3.txz: ...... done
Fetching GentiumBasic-1102.txz: .......... done
Fetching hyphen-2.8.8.txz: ....... done
Fetching libmspub01-0.1.2_4.txz: .......... done
Fetching linuxlibertine-g-20120116_1.txz: .......... done
Fetching libodfgen01-0.1.6.txz: .......... done
Fetching crosextrafonts-caladea-20130214_1.txz: ......... done
Fetching libwpg03-0.3.1.txz: ...... done
Fetching liblangtag-0.5.8.txz: .......... done
Fetching mythes-1.2.4.txz: . done
Fetching libabw-0.1.1_1.txz: ....... done
Fetching lp_solve-5.5.2.0.txz: .......... done
Fetching libfreehand-0.1.1_3.txz: .......... done
Fetching clucene-2.3.3.4_7.txz: .......... done
Fetching redland-1.0.17_4.txz: .......... done
Fetching rasqal-0.9.33.txz: .......... done
Fetching raptor2-2.0.15_4.txz: .......... done
Checking integrity... done (0 conflicting)
[1/40] Installing db5-5.3.28_4...
[1/40] Extracting db5-5.3.28_4: .......... done
[2/40] Installing librevenge-0.0.4...
[2/40] Extracting librevenge-0.0.4: .......... done
[3/40] Installing raptor2-2.0.15_4...
[3/40] Extracting raptor2-2.0.15_4: .......... done
[4/40] Installing apr-1.5.2.1.5.4_1...
[4/40] Extracting apr-1.5.2.1.5.4_1: .......... done
[5/40] Installing libwpd010-0.10.1...
[5/40] Extracting libwpd010-0.10.1: .......... done
[6/40] Installing glew-1.13.0...
[6/40] Extracting glew-1.13.0: .......... done
[7/40] Installing rasqal-0.9.33...
[7/40] Extracting rasqal-0.9.33: .......... done
[8/40] Installing crosextrafonts-carlito-20130920_2...
[8/40] Extracting crosextrafonts-carlito-20130920_2: ........ done
[9/40] Installing serf-1.3.9_1...
[9/40] Extracting serf-1.3.9_1: .......... done
[10/40] Installing firebird25-client-2.5.6_1...
[10/40] Extracting firebird25-client-2.5.6_1: .......... done
[11/40] Installing libexttextcat-3.4.4...
[11/40] Extracting libexttextcat-3.4.4: .......... done
[12/40] Installing libcdr01-0.1.3_1...
[12/40] Extracting libcdr01-0.1.3_1: .......... done
[13/40] Installing liberation-fonts-ttf-2.00.1,2...
[13/40] Extracting liberation-fonts-ttf-2.00.1,2: .......... done
[14/40] Installing CoinMP-1.8.3...
[14/40] Extracting CoinMP-1.8.3: .......... done
[15/40] Installing libwps-0.4.3...
[15/40] Extracting libwps-0.4.3: .......... done
[16/40] Installing libe-book-0.1.2_5...
[16/40] Extracting libe-book-0.1.2_5: .......... done
[17/40] Installing libcmis-0.5.1...
[17/40] Extracting libcmis-0.5.1: .......... done
[18/40] Installing liborcus-0.9.2...
[18/40] Extracting liborcus-0.9.2: .......... done
[19/40] Installing libgltf-0.0.2_1...
[19/40] Extracting libgltf-0.0.2_1: .......... done
[20/40] Installing libvisio01-0.1.5_3...
[20/40] Extracting libvisio01-0.1.5_3: .......... done
[21/40] Installing openldap-client-2.4.44...
[21/40] Extracting openldap-client-2.4.44: .......... done
[22/40] Installing libmwaw03-0.3.8...
[22/40] Extracting libmwaw03-0.3.8: .......... done
[23/40] Installing opencollada-1.6.25...
[23/40] Extracting opencollada-1.6.25: .......... done
[24/40] Installing libetonyek01-0.1.3_1,1...
[24/40] Extracting libetonyek01-0.1.3_1,1: .......... done
[25/40] Installing libpagemaker-0.0.3...
[25/40] Extracting libpagemaker-0.0.3: .......... done
[26/40] Installing GentiumBasic-1102...
[26/40] Extracting GentiumBasic-1102: .......... done
[27/40] Installing hyphen-2.8.8...
[27/40] Extracting hyphen-2.8.8: .......... done
[28/40] Installing libmspub01-0.1.2_4...
[28/40] Extracting libmspub01-0.1.2_4: .......... done
[29/40] Installing linuxlibertine-g-20120116_1...
[29/40] Extracting linuxlibertine-g-20120116_1: .......... done
[30/40] Installing libodfgen01-0.1.6...
[30/40] Extracting libodfgen01-0.1.6: .......... done
[31/40] Installing crosextrafonts-caladea-20130214_1...
[31/40] Extracting crosextrafonts-caladea-20130214_1: ........ done
[32/40] Installing libwpg03-0.3.1...
[32/40] Extracting libwpg03-0.3.1: .......... done
[33/40] Installing liblangtag-0.5.8...
[33/40] Extracting liblangtag-0.5.8: .......... done
[34/40] Installing mythes-1.2.4...
[34/40] Extracting mythes-1.2.4: .......... done
[35/40] Installing libabw-0.1.1_1...
[35/40] Extracting libabw-0.1.1_1: .......... done
[36/40] Installing lp_solve-5.5.2.0...
[36/40] Extracting lp_solve-5.5.2.0: .......... done
[37/40] Installing libfreehand-0.1.1_3...
[37/40] Extracting libfreehand-0.1.1_3: .......... done
[38/40] Installing clucene-2.3.3.4_7...
[38/40] Extracting clucene-2.3.3.4_7: .......... done
[39/40] Installing redland-1.0.17_4...
[39/40] Extracting redland-1.0.17_4: .......... done
[40/40] Installing libreoffice-5.0.6_3...
[40/40] Extracting libreoffice-5.0.6_3: .......... done
Message from crosextrafonts-carlito-20130920_2:
You can start using the fonts by following these instructions:

Add the following line to the "Files" section of your x.org configuration file:

	FontPath "/usr/local/share/fonts/Carlito/"
Message from firebird25-client-2.5.6_1:
===>   NOTICE:

The firebird25-client port currently does not have a maintainer. As a result, it is
more likely to have unresolved issues, not be up-to-date, or even be removed in
the future. To volunteer to maintain this port, please create an issue at:

https://bugs.freebsd.org/bugzilla

More information about port maintainership is available at:

https://www.freebsd.org/doc/en/articles/contributing/ports-contributing.html#maintain-port
Message from liberation-fonts-ttf-2.00.1,2:
You can start using the fonts by following these instructions:

Add the following line to the "Files" section of your x.org configuration file:

	FontPath "/usr/local/share/fonts/Liberation/"
Message from openldap-client-2.4.44:
************************************************************

The OpenLDAP client package has been successfully installed.

Edit
  /usr/local/etc/openldap/ldap.conf
to change the system-wide client defaults.

Try `man ldap.conf' and visit the OpenLDAP FAQ-O-Matic at
  http://www.OpenLDAP.org/faq/index.cgi?file=3
for more information.

************************************************************
Message from GentiumBasic-1102:
To use these fonts, add the following line to the "Files" section of
xorg.conf:

	FontPath "/usr/local/share/fonts/GentiumBasic/"

Users of older versions of X may additionally have to make sure that
the freetype module is loaded.  Check /var/log/Xorg.0.log for error
messages.  If freetype is required, add the following line to the
"Modules" section of xorg.conf:

	Load "freetype"
Message from linuxlibertine-g-20120116_1:
You can start using the fonts by following these instructions:

Add the following line to the "Files" section of your x.org configuration file:

	FontPath "/usr/local/share/fonts/LinLibertineG/"
Message from crosextrafonts-caladea-20130214_1:
You can start using the fonts by following these instructions:

Add the following line to the "Files" section of your x.org configuration file:

	FontPath "/usr/local/share/fonts/Caladea/"
