Updating FreeBSD repository catalogue...
FreeBSD repository is up-to-date.
All repositories are up-to-date.
The following 2 package(s) will be affected (of 0 checked):

New packages to be INSTALLED:
	terminus-font: 4.40
	terminus-ttf: 4.40.1

Number of packages to be installed: 2

The process will require 3 MiB more space.
2 MiB to be downloaded.
Fetching terminus-font-4.40.txz: .......... done
Fetching terminus-ttf-4.40.1.txz: .......... done
Checking integrity... done (0 conflicting)
[1/2] Installing terminus-font-4.40...
[1/2] Extracting terminus-font-4.40: .......... done
[2/2] Installing terminus-ttf-4.40.1...
[2/2] Extracting terminus-ttf-4.40.1: ........ done
Message from terminus-font-4.40:
Add the following line to the "Files" section of xorg.conf or XF86Config:

	FontPath "/usr/local/share/fonts/terminus-font/"
Message from terminus-ttf-4.40.1:
You can start using the fonts by following these instructions:

Add the following line to the "Files" section of your X.Org
configuration file:

	FontPath "/usr/local/share/fonts/TerminusTTF/"

Please also note that this font will only look good if used at the
following sizes:

        12 px or 9 pt
        14 px or 10.5 pt
        16 px or 12 pt
        18 px or 13.5 pt
        20 px or 15 pt
        22 px or 16.5 pt
        24 px or 18 pt
        28 px or 21 pt
        32 px or 24 pt
