Updating FreeBSD repository catalogue...
FreeBSD repository is up-to-date.
All repositories are up-to-date.
The following 3 package(s) will be affected (of 0 checked):

New packages to be INSTALLED:
	xfce4-notification-daemon: 0.3.7_23
	libsexy: 0.1.11_9
	libxfce4gui: 4.10.0_5

Number of packages to be installed: 3

The process will require 1 MiB more space.
325 KiB to be downloaded.
Fetching xfce4-notification-daemon-0.3.7_23.txz: .... done
Fetching libsexy-0.1.11_9.txz: ....... done
Fetching libxfce4gui-4.10.0_5.txz: .......... done
Checking integrity... done (0 conflicting)
[1/3] Installing libsexy-0.1.11_9...
[1/3] Extracting libsexy-0.1.11_9: .......... done
[2/3] Installing libxfce4gui-4.10.0_5...
[2/3] Extracting libxfce4gui-4.10.0_5: .......... done
[3/3] Installing xfce4-notification-daemon-0.3.7_23...
[3/3] Extracting xfce4-notification-daemon-0.3.7_23: .......... done
Message from libsexy-0.1.11_9:
===>   NOTICE:

The libsexy port currently does not have a maintainer. As a result, it is
more likely to have unresolved issues, not be up-to-date, or even be removed in
the future. To volunteer to maintain this port, please create an issue at:

https://bugs.freebsd.org/bugzilla

More information about port maintainership is available at:

https://www.freebsd.org/doc/en/articles/contributing/ports-contributing.html#maintain-port
Message from xfce4-notification-daemon-0.3.7_23:
===>   NOTICE:

This port is deprecated; you may wish to reconsider installing it:

Depends on unmaintained x11-toolkits/libxfce4gui.
